<?xml version="1.0" encoding="UTF-8"?>
<!-- Generated by org.testng.reporters.JUnitReportReporter -->
<testsuite hostname="DESKTOP-KFK85H4" failures="0" tests="1" name="test.RunTest" time="9.130" errors="0" timestamp="2023-04-14T01:12:50 IST" skipped="0">
  <testcase classname="test.RunTest" name="run" time="9.130"/>
  <system-out/>
</testsuite> <!-- test.RunTest -->
